2017年6月22日田伟创建
袁杰补2017年6月22日的代码

袁杰提交2017年6月23日的作业代码

袁祥提交2017年6月26日笔记

袁杰2017年6月26日提交2017年6月25日丢失的代码

袁杰提交2017年6月27日代码

袁祥提交2017年6月27日笔记

袁祥提交2017年6月28日笔记

袁杰提交2017年6月28日代码

袁杰提交2017年6月29日代码

袁祥提交2017年6月29日笔记

袁杰提交2017年6月30日代码

袁祥提交2017年7月01日代码

袁祥提交2017年6月30日代码

袁祥提交2017年07月02日代码(应该是0703)

袁杰提交2017年7月03日代码，添加7月2日的笔记

袁杰提交2017年7月02日笔记

袁杰提交2017年7月04日代码，添加7月2日的笔记

袁祥提交2017年07月05日代码

袁杰提交2017年7月05日代码，添加7月2日的笔记

袁祥提交2017年7月04日代码

袁杰提交2017年7月06日代码，添加7月2日的笔记

袁祥提交2017年07月06日代码

袁祥提交2017年07月07日代码

袁杰2017年7月07日考试，没有代码、笔记上传

袁祥提交2017年07月08日代码

袁杰2017年7月08日复习容器

袁祥提交2017年07月09日修改冲突


